{"/Users/d11/Documents/DIBIMBING BATCH 7/DAY 39/TDD-isleapyear&isweekend/server/handlers/math.js": {"path":"/Users/d11/Documents/DIBIMBING BATCH 7/DAY 39/TDD-isleapyear&isweekend/server/handlers/math.js","statementMap":{"0":{"start":{"line":1,"column":18},"end":{"line":1,"column":60}},"1":{"start":{"line":3,"column":18},"end":{"line":15,"column":1}},"2":{"start":{"line":4,"column":21},"end":{"line":4,"column":29}},"3":{"start":{"line":5,"column":4},"end":{"line":13,"column":5}},"4":{"start":{"line":6,"column":23},"end":{"line":6,"column":54}},"5":{"start":{"line":7,"column":8},"end":{"line":10,"column":11}},"6":{"start":{"line":12,"column":8},"end":{"line":12,"column":18}},"7":{"start":{"line":17,"column":19},"end":{"line":29,"column":1}},"8":{"start":{"line":18,"column":21},"end":{"line":18,"column":29}},"9":{"start":{"line":19,"column":4},"end":{"line":27,"column":5}},"10":{"start":{"line":20,"column":23},"end":{"line":20,"column":55}},"11":{"start":{"line":21,"column":8},"end":{"line":24,"column":11}},"12":{"start":{"line":26,"column":8},"end":{"line":26,"column":18}},"13":{"start":{"line":31,"column":0},"end":{"line":34,"column":2}}},"fnMap":{"0":{"name":"(anonymous_0)","decl":{"start":{"line":3,"column":18},"end":{"line":3,"column":19}},"loc":{"start":{"line":3,"column":37},"end":{"line":15,"column":1}},"line":3},"1":{"name":"(anonymous_1)","decl":{"start":{"line":17,"column":19},"end":{"line":17,"column":20}},"loc":{"start":{"line":17,"column":38},"end":{"line":29,"column":1}},"line":17}},"branchMap":{},"s":{"0":2,"1":2,"2":2,"3":2,"4":2,"5":2,"6":2,"7":2,"8":2,"9":2,"10":2,"11":2,"12":2,"13":2},"f":{"0":2,"1":2},"b":{},"_coverageSchema":"1a1c01bbd47fc00a2c39e90264f33305004495a9","hash":"ac7a7e1e2de009042d444d8a2ad1dd6952eea29d"}
}
